[debug] [2021-11-04T01:49:22.213Z] ----------------------------------------------------------------------
[debug] [2021-11-04T01:49:22.214Z] Command:       /Users/tojimakazuki/.nodebrew/node/v16.9.1/bin/node /Users/tojimakazuki/.nodebrew/current/bin/firebase init
[debug] [2021-11-04T01:49:22.215Z] CLI Version:   9.18.0
[debug] [2021-11-04T01:49:22.215Z] Platform:      darwin
[debug] [2021-11-04T01:49:22.215Z] Node Version:  v16.9.1
[debug] [2021-11-04T01:49:22.217Z] Time:          Thu Nov 04 2021 10:49:22 GMT+0900 (日本標準時)
[debug] [2021-11-04T01:49:22.217Z] ----------------------------------------------------------------------
[debug] 
[debug] [2021-11-04T01:49:22.225Z] > command requires scopes: ["email","openid","https://www.googleapis.com/auth/cloudplatformprojects.readonly","https://www.googleapis.com/auth/firebase","https://www.googleapis.com/auth/cloud-platform"]
[debug] [2021-11-04T01:49:22.225Z] > authorizing via signed-in user (kazuki3125@gmail.com)
[info] 
     ######## #### ########  ######## ########     ###     ######  ########
     ##        ##  ##     ## ##       ##     ##  ##   ##  ##       ##
     ######    ##  ########  ######   ########  #########  ######  ######
     ##        ##  ##    ##  ##       ##     ## ##     ##       ## ##
     ##       #### ##     ## ######## ########  ##     ##  ######  ########

You're about to initialize a Firebase project in this directory:

  /Users/tojimakazuki/Desktop/book

[info] 
=== Project Setup
[info] 
[info] First, let's associate this project directory with a Firebase project.
[info] You can create multiple project aliases by running firebase use --add, 
[info] but for now we'll just set up a default project.
[info] 
[debug] [2021-11-04T01:52:08.123Z] >>> [apiv2][query] GET https://firebase.googleapis.com/v1beta1/projects pageSize=100
[debug] [2021-11-04T01:52:08.909Z] <<< [apiv2][status] GET https://firebase.googleapis.com/v1beta1/projects 200
[debug] [2021-11-04T01:52:08.909Z] <<< [apiv2][body] GET https://firebase.googleapis.com/v1beta1/projects [omitted]
[info] i  Using project book-7a072 (book) 
[info] 
=== Hosting Setup
[info] 
[info] Your public directory is the folder (relative to your project directory) that
[info] will contain Hosting assets to be uploaded with firebase deploy. If you
[info] have a build process for your assets, use your build's output directory.
[info] 
